[0.770s] Invoking command in '/home/robot/Xmate3/xmate_control/src/pub': PYTHONPATH=/home/robot/Xmate3/xmate_control/build/pub/prefix_override:/home/robot/Xmate3/xmate_control/install/pub/lib/python3.8/site-packages:${PYTHONPATH} /usr/bin/python3 -W ignore:setup.py install is deprecated setup.py egg_info --egg-base ../../build/pub build --build-base /home/robot/Xmate3/xmate_control/build/pub/build install --record /home/robot/Xmate3/xmate_control/build/pub/install.log --install-scripts $base/lib/pub --single-version-externally-managed install_data
[1.010s] running egg_info
[1.011s] writing ../../build/pub/pub.egg-info/PKG-INFO
[1.011s] writing dependency_links to ../../build/pub/pub.egg-info/dependency_links.txt
[1.011s] writing entry points to ../../build/pub/pub.egg-info/entry_points.txt
[1.011s] writing requirements to ../../build/pub/pub.egg-info/requires.txt
[1.011s] writing top-level names to ../../build/pub/pub.egg-info/top_level.txt
[1.049s] file utils.py (for module utils) not found
[1.050s] reading manifest file '../../build/pub/pub.egg-info/SOURCES.txt'
[1.051s] writing manifest file '../../build/pub/pub.egg-info/SOURCES.txt'
[1.051s] running build
[1.051s] running build_py
[1.051s] file utils.py (for module utils) not found
[1.051s] copying pub/control_pub.py -> /home/robot/Xmate3/xmate_control/build/pub/build/lib/pub
[1.052s] creating /home/robot/Xmate3/xmate_control/build/pub/build/lib/pub/utils
[1.052s] copying pub/utils/__init__.py -> /home/robot/Xmate3/xmate_control/build/pub/build/lib/pub/utils
[1.052s] copying pub/utils/utils.py -> /home/robot/Xmate3/xmate_control/build/pub/build/lib/pub/utils
[1.052s] file utils.py (for module utils) not found
[1.052s] running install
[1.053s] running install_lib
[1.054s] creating /home/robot/Xmate3/xmate_control/install/pub/lib/python3.8/site-packages/pub/utils
[1.054s] copying /home/robot/Xmate3/xmate_control/build/pub/build/lib/pub/utils/__init__.py -> /home/robot/Xmate3/xmate_control/install/pub/lib/python3.8/site-packages/pub/utils
[1.054s] copying /home/robot/Xmate3/xmate_control/build/pub/build/lib/pub/utils/utils.py -> /home/robot/Xmate3/xmate_control/install/pub/lib/python3.8/site-packages/pub/utils
[1.054s] copying /home/robot/Xmate3/xmate_control/build/pub/build/lib/pub/control_pub.py -> /home/robot/Xmate3/xmate_control/install/pub/lib/python3.8/site-packages/pub
[1.055s] byte-compiling /home/robot/Xmate3/xmate_control/install/pub/lib/python3.8/site-packages/pub/utils/__init__.py to __init__.cpython-38.pyc
[1.056s] byte-compiling /home/robot/Xmate3/xmate_control/install/pub/lib/python3.8/site-packages/pub/utils/utils.py to utils.cpython-38.pyc
[1.058s] byte-compiling /home/robot/Xmate3/xmate_control/install/pub/lib/python3.8/site-packages/pub/control_pub.py to control_pub.cpython-38.pyc
[1.059s] running install_data
[1.059s] running install_egg_info
[1.061s] removing '/home/robot/Xmate3/xmate_control/install/pub/lib/python3.8/site-packages/pub-0.0.0-py3.8.egg-info' (and everything under it)
[1.061s] Copying ../../build/pub/pub.egg-info to /home/robot/Xmate3/xmate_control/install/pub/lib/python3.8/site-packages/pub-0.0.0-py3.8.egg-info
[1.062s] running install_scripts
[1.079s] Installing control_pub script to /home/robot/Xmate3/xmate_control/install/pub/lib/pub
[1.080s] file utils.py (for module utils) not found
[1.080s] writing list of installed files to '/home/robot/Xmate3/xmate_control/build/pub/install.log'
[1.098s] Invoked command in '/home/robot/Xmate3/xmate_control/src/pub' returned '0': PYTHONPATH=/home/robot/Xmate3/xmate_control/build/pub/prefix_override:/home/robot/Xmate3/xmate_control/install/pub/lib/python3.8/site-packages:${PYTHONPATH} /usr/bin/python3 -W ignore:setup.py install is deprecated setup.py egg_info --egg-base ../../build/pub build --build-base /home/robot/Xmate3/xmate_control/build/pub/build install --record /home/robot/Xmate3/xmate_control/build/pub/install.log --install-scripts $base/lib/pub --single-version-externally-managed install_data
