[0.659s] DEBUG:colcon:Command line arguments: ['/usr/bin/colcon', 'build', '--cmake-args', '-DPYTHON_EXECUTABLE=/usr/bin/python3']
[0.659s] DEBUG:colcon:Parsed command line arguments: Namespace(allow_overriding=[], ament_cmake_args=None, base_paths=['.'], build_base='build', catkin_cmake_args=None, catkin_skip_building_tests=False, cmake_args=['-DPYTHON_EXECUTABLE=/usr/bin/python3'], cmake_clean_cache=False, cmake_clean_first=False, cmake_force_configure=False, cmake_target=None, cmake_target_skip_unavailable=False, continue_on_error=False, event_handlers=None, executor='parallel', ignore_user_meta=False, install_base='install', log_base=None, log_level=None, main=<bound method BuildVerb.main of <colcon_core.verb.build.BuildVerb object at 0x7f2a585a8af0>>, merge_install=False, metas=['./colcon.meta'], packages_above=None, packages_above_and_dependencies=None, packages_above_depth=None, packages_end=None, packages_ignore=None, packages_ignore_regex=None, packages_select=None, packages_select_build_failed=False, packages_select_by_dep=None, packages_select_regex=None, packages_select_test_failures=False, packages_skip=None, packages_skip_build_finished=False, packages_skip_by_dep=None, packages_skip_regex=None, packages_skip_test_passed=False, packages_skip_up_to=None, packages_start=None, packages_up_to=None, packages_up_to_regex=None, parallel_workers=12, paths=None, symlink_install=False, test_result_base=None, verb_extension=<colcon_core.verb.build.BuildVerb object at 0x7f2a585a8af0>, verb_name='build', verb_parser=<colcon_defaults.argument_parser.defaults.DefaultArgumentsDecorator object at 0x7f2a5846d820>)
[0.918s] Level 1:colcon.colcon_core.package_discovery:discover_packages(colcon_meta) check parameters
[0.918s] Level 1:colcon.colcon_core.package_discovery:discover_packages(recursive) check parameters
[0.918s] Level 1:colcon.colcon_core.package_discovery:discover_packages(ignore) check parameters
[0.918s] Level 1:colcon.colcon_core.package_discovery:discover_packages(path) check parameters
[0.918s] Level 1:colcon.colcon_core.package_discovery:discover_packages(colcon_meta) discover
[0.918s] Level 1:colcon.colcon_core.package_discovery:discover_packages(recursive) discover
[0.918s] INFO:colcon.colcon_core.package_discovery:Crawling recursively for packages in '/home/robot/Xmate3/xmate_control'
[0.918s] Level 1:colcon.colcon_core.package_identification:_identify(.) by extensions ['ignore', 'ignore_ament_install']
[0.918s] Level 1:colcon.colcon_core.package_identification:_identify(.) by extension 'ignore'
[0.918s] Level 1:colcon.colcon_core.package_identification:_identify(.) by extension 'ignore_ament_install'
[0.919s] Level 1:colcon.colcon_core.package_identification:_identify(.) by extensions ['colcon_pkg']
[0.919s] Level 1:colcon.colcon_core.package_identification:_identify(.) by extension 'colcon_pkg'
[0.919s] Level 1:colcon.colcon_core.package_identification:_identify(.) by extensions ['colcon_meta']
[0.919s] Level 1:colcon.colcon_core.package_identification:_identify(.) by extension 'colcon_meta'
[0.919s] Level 1:colcon.colcon_core.package_identification:_identify(.) by extensions ['ros']
[0.919s] Level 1:colcon.colcon_core.package_identification:_identify(.) by extension 'ros'
[0.932s] Level 1:colcon.colcon_core.package_identification:_identify(.) by extensions ['cmake', 'python']
[0.932s] Level 1:colcon.colcon_core.package_identification:_identify(.) by extension 'cmake'
[0.932s] Level 1:colcon.colcon_core.package_identification:_identify(.) by extension 'python'
[0.932s] Level 1:colcon.colcon_core.package_identification:_identify(.) by extensions ['python_setup_py']
[0.932s] Level 1:colcon.colcon_core.package_identification:_identify(.) by extension 'python_setup_py'
[0.932s] Level 1:colcon.colcon_core.package_identification:_identify(build) by extensions ['ignore', 'ignore_ament_install']
[0.932s] Level 1:colcon.colcon_core.package_identification:_identify(build) by extension 'ignore'
[0.932s] Level 1:colcon.colcon_core.package_identification:_identify(build) ignored
[0.932s] Level 1:colcon.colcon_core.package_identification:_identify(install) by extensions ['ignore', 'ignore_ament_install']
[0.932s] Level 1:colcon.colcon_core.package_identification:_identify(install) by extension 'ignore'
[0.933s] Level 1:colcon.colcon_core.package_identification:_identify(install) ignored
[0.933s] Level 1:colcon.colcon_core.package_identification:_identify(log) by extensions ['ignore', 'ignore_ament_install']
[0.933s] Level 1:colcon.colcon_core.package_identification:_identify(log) by extension 'ignore'
[0.933s] Level 1:colcon.colcon_core.package_identification:_identify(log) ignored
[0.933s] Level 1:colcon.colcon_core.package_identification:_identify(src) by extensions ['ignore', 'ignore_ament_install']
[0.933s] Level 1:colcon.colcon_core.package_identification:_identify(src) by extension 'ignore'
[0.933s] Level 1:colcon.colcon_core.package_identification:_identify(src) by extension 'ignore_ament_install'
[0.933s] Level 1:colcon.colcon_core.package_identification:_identify(src) by extensions ['colcon_pkg']
[0.933s] Level 1:colcon.colcon_core.package_identification:_identify(src) by extension 'colcon_pkg'
[0.933s] Level 1:colcon.colcon_core.package_identification:_identify(src) by extensions ['colcon_meta']
[0.933s] Level 1:colcon.colcon_core.package_identification:_identify(src) by extension 'colcon_meta'
[0.933s] Level 1:colcon.colcon_core.package_identification:_identify(src) by extensions ['ros']
[0.933s] Level 1:colcon.colcon_core.package_identification:_identify(src) by extension 'ros'
[0.933s] Level 1:colcon.colcon_core.package_identification:_identify(src) by extensions ['cmake', 'python']
[0.934s] Level 1:colcon.colcon_core.package_identification:_identify(src) by extension 'cmake'
[0.934s] Level 1:colcon.colcon_core.package_identification:_identify(src) by extension 'python'
[0.934s] Level 1:colcon.colcon_core.package_identification:_identify(src) by extensions ['python_setup_py']
[0.934s] Level 1:colcon.colcon_core.package_identification:_identify(src) by extension 'python_setup_py'
[0.934s] Level 1:colcon.colcon_core.package_identification:_identify(src/pub) by extensions ['ignore', 'ignore_ament_install']
[0.934s] Level 1:colcon.colcon_core.package_identification:_identify(src/pub) by extension 'ignore'
[0.934s] Level 1:colcon.colcon_core.package_identification:_identify(src/pub) by extension 'ignore_ament_install'
[0.934s] Level 1:colcon.colcon_core.package_identification:_identify(src/pub) by extensions ['colcon_pkg']
[0.934s] Level 1:colcon.colcon_core.package_identification:_identify(src/pub) by extension 'colcon_pkg'
[0.934s] Level 1:colcon.colcon_core.package_identification:_identify(src/pub) by extensions ['colcon_meta']
[0.934s] Level 1:colcon.colcon_core.package_identification:_identify(src/pub) by extension 'colcon_meta'
[0.934s] Level 1:colcon.colcon_core.package_identification:_identify(src/pub) by extensions ['ros']
[0.934s] Level 1:colcon.colcon_core.package_identification:_identify(src/pub) by extension 'ros'
[0.938s] DEBUG:colcon.colcon_core.package_identification:Package 'src/pub' with type 'ros.ament_python' and name 'pub'
[0.938s] Level 1:colcon.colcon_core.package_identification:_identify(src/sub) by extensions ['ignore', 'ignore_ament_install']
[0.938s] Level 1:colcon.colcon_core.package_identification:_identify(src/sub) by extension 'ignore'
[0.938s] Level 1:colcon.colcon_core.package_identification:_identify(src/sub) by extension 'ignore_ament_install'
[0.938s] Level 1:colcon.colcon_core.package_identification:_identify(src/sub) by extensions ['colcon_pkg']
[0.938s] Level 1:colcon.colcon_core.package_identification:_identify(src/sub) by extension 'colcon_pkg'
[0.938s] Level 1:colcon.colcon_core.package_identification:_identify(src/sub) by extensions ['colcon_meta']
[0.938s] Level 1:colcon.colcon_core.package_identification:_identify(src/sub) by extension 'colcon_meta'
[0.938s] Level 1:colcon.colcon_core.package_identification:_identify(src/sub) by extensions ['ros']
[0.938s] Level 1:colcon.colcon_core.package_identification:_identify(src/sub) by extension 'ros'
[0.939s] DEBUG:colcon.colcon_core.package_identification:Package 'src/sub' with type 'ros.ament_cmake' and name 'sub'
[0.939s] Level 1:colcon.colcon_core.package_discovery:discover_packages(recursive) using defaults
[0.939s] Level 1:colcon.colcon_core.package_discovery:discover_packages(ignore) discover
[0.939s] Level 1:colcon.colcon_core.package_discovery:discover_packages(ignore) using defaults
[0.939s] Level 1:colcon.colcon_core.package_discovery:discover_packages(path) discover
[0.939s] Level 1:colcon.colcon_core.package_discovery:discover_packages(path) using defaults
[0.960s] Level 1:colcon.colcon_core.package_discovery:discover_packages(prefix_path) check parameters
[0.961s] Level 1:colcon.colcon_core.package_discovery:discover_packages(prefix_path) discover
[0.964s] DEBUG:colcon.colcon_installed_package_information.package_discovery:Found 256 installed packages in /opt/ros/foxy
[0.965s] Level 1:colcon.colcon_core.package_discovery:discover_packages(prefix_path) using defaults
[1.211s] Level 5:colcon.colcon_core.verb:set package 'pub' build argument 'cmake_args' from command line to '['-DPYTHON_EXECUTABLE=/usr/bin/python3']'
[1.211s] Level 5:colcon.colcon_core.verb:set package 'pub' build argument 'cmake_target' from command line to 'None'
[1.211s] Level 5:colcon.colcon_core.verb:set package 'pub' build argument 'cmake_target_skip_unavailable' from command line to 'False'
[1.211s] Level 5:colcon.colcon_core.verb:set package 'pub' build argument 'cmake_clean_cache' from command line to 'False'
[1.211s] Level 5:colcon.colcon_core.verb:set package 'pub' build argument 'cmake_clean_first' from command line to 'False'
[1.211s] Level 5:colcon.colcon_core.verb:set package 'pub' build argument 'cmake_force_configure' from command line to 'False'
[1.211s] Level 5:colcon.colcon_core.verb:set package 'pub' build argument 'ament_cmake_args' from command line to 'None'
[1.211s] Level 5:colcon.colcon_core.verb:set package 'pub' build argument 'catkin_cmake_args' from command line to 'None'
[1.211s] Level 5:colcon.colcon_core.verb:set package 'pub' build argument 'catkin_skip_building_tests' from command line to 'False'
[1.211s] DEBUG:colcon.colcon_core.verb:Building package 'pub' with the following arguments: {'ament_cmake_args': None, 'build_base': '/home/robot/Xmate3/xmate_control/build/pub', 'catkin_cmake_args': None, 'catkin_skip_building_tests': False, 'cmake_args': ['-DPYTHON_EXECUTABLE=/usr/bin/python3'], 'cmake_clean_cache': False, 'cmake_clean_first': False, 'cmake_force_configure': False, 'cmake_target': None, 'cmake_target_skip_unavailable': False, 'install_base': '/home/robot/Xmate3/xmate_control/install/pub', 'merge_install': False, 'path': '/home/robot/Xmate3/xmate_control/src/pub', 'symlink_install': False, 'test_result_base': None}
[1.212s] Level 5:colcon.colcon_core.verb:set package 'sub' build argument 'cmake_args' from command line to '['-DPYTHON_EXECUTABLE=/usr/bin/python3']'
[1.212s] Level 5:colcon.colcon_core.verb:set package 'sub' build argument 'cmake_target' from command line to 'None'
[1.212s] Level 5:colcon.colcon_core.verb:set package 'sub' build argument 'cmake_target_skip_unavailable' from command line to 'False'
[1.212s] Level 5:colcon.colcon_core.verb:set package 'sub' build argument 'cmake_clean_cache' from command line to 'False'
[1.212s] Level 5:colcon.colcon_core.verb:set package 'sub' build argument 'cmake_clean_first' from command line to 'False'
[1.212s] Level 5:colcon.colcon_core.verb:set package 'sub' build argument 'cmake_force_configure' from command line to 'False'
[1.212s] Level 5:colcon.colcon_core.verb:set package 'sub' build argument 'ament_cmake_args' from command line to 'None'
[1.212s] Level 5:colcon.colcon_core.verb:set package 'sub' build argument 'catkin_cmake_args' from command line to 'None'
[1.212s] Level 5:colcon.colcon_core.verb:set package 'sub' build argument 'catkin_skip_building_tests' from command line to 'False'
[1.212s] DEBUG:colcon.colcon_core.verb:Building package 'sub' with the following arguments: {'ament_cmake_args': None, 'build_base': '/home/robot/Xmate3/xmate_control/build/sub', 'catkin_cmake_args': None, 'catkin_skip_building_tests': False, 'cmake_args': ['-DPYTHON_EXECUTABLE=/usr/bin/python3'], 'cmake_clean_cache': False, 'cmake_clean_first': False, 'cmake_force_configure': False, 'cmake_target': None, 'cmake_target_skip_unavailable': False, 'install_base': '/home/robot/Xmate3/xmate_control/install/sub', 'merge_install': False, 'path': '/home/robot/Xmate3/xmate_control/src/sub', 'symlink_install': False, 'test_result_base': None}
[1.212s] INFO:colcon.colcon_core.executor:Executing jobs using 'parallel' executor
[1.213s] DEBUG:colcon.colcon_parallel_executor.executor.parallel:run_until_complete
[1.213s] INFO:colcon.colcon_ros.task.ament_python.build:Building ROS package in '/home/robot/Xmate3/xmate_control/src/pub' with build type 'ament_python'
[1.214s] Level 1:colcon.colcon_core.shell:create_environment_hook('pub', 'ament_prefix_path')
[1.248s] INFO:colcon.colcon_core.plugin_system:Skipping extension 'colcon_core.shell.bat': Not used on non-Windows systems
[1.248s] INFO:colcon.colcon_core.shell:Creating environment hook '/home/robot/Xmate3/xmate_control/install/pub/share/pub/hook/ament_prefix_path.ps1'
[1.267s] INFO:colcon.colcon_core.shell:Creating environment descriptor '/home/robot/Xmate3/xmate_control/install/pub/share/pub/hook/ament_prefix_path.dsv'
[1.269s] INFO:colcon.colcon_core.shell:Creating environment hook '/home/robot/Xmate3/xmate_control/install/pub/share/pub/hook/ament_prefix_path.sh'
[1.273s] INFO:colcon.colcon_core.shell:Skip shell extension 'powershell' for command environment: Not usable outside of PowerShell
[1.273s] DEBUG:colcon.colcon_core.shell:Skip shell extension 'dsv' for command environment
[1.280s] INFO:colcon.colcon_ros.task.ament_cmake.build:Building ROS package in '/home/robot/Xmate3/xmate_control/src/sub' with build type 'ament_cmake'
[1.281s] INFO:colcon.colcon_cmake.task.cmake.build:Building CMake package in '/home/robot/Xmate3/xmate_control/src/sub'
[1.281s] INFO:colcon.colcon_core.shell:Skip shell extension 'powershell' for command environment: Not usable outside of PowerShell
[1.281s] DEBUG:colcon.colcon_core.shell:Skip shell extension 'dsv' for command environment
[1.544s] INFO:colcon.colcon_core.task.python.build:Building Python package in '/home/robot/Xmate3/xmate_control/src/pub'
[1.545s] INFO:colcon.colcon_core.shell:Skip shell extension 'powershell' for command environment: Not usable outside of PowerShell
[1.545s] DEBUG:colcon.colcon_core.shell:Skip shell extension 'dsv' for command environment
[1.565s] DEBUG:colcon.colcon_core.event_handler.log_command:Invoking command in '/home/robot/Xmate3/xmate_control/build/sub': CMAKE_PREFIX_PATH=/opt/ros/foxy /usr/bin/cmake --build /home/robot/Xmate3/xmate_control/build/sub -- -j12 -l12
[2.323s] DEBUG:colcon.colcon_core.event_handler.log_command:Invoking command in '/home/robot/Xmate3/xmate_control/src/pub': PYTHONPATH=/home/robot/Xmate3/xmate_control/build/pub/prefix_override:/home/robot/Xmate3/xmate_control/install/pub/lib/python3.8/site-packages:${PYTHONPATH} /usr/bin/python3 -W ignore:setup.py install is deprecated setup.py egg_info --egg-base ../../build/pub build --build-base /home/robot/Xmate3/xmate_control/build/pub/build install --record /home/robot/Xmate3/xmate_control/build/pub/install.log --install-scripts $base/lib/pub --single-version-externally-managed install_data
[2.725s] DEBUG:colcon.colcon_core.event_handler.log_command:Invoked command in '/home/robot/Xmate3/xmate_control/src/pub' returned '0': PYTHONPATH=/home/robot/Xmate3/xmate_control/build/pub/prefix_override:/home/robot/Xmate3/xmate_control/install/pub/lib/python3.8/site-packages:${PYTHONPATH} /usr/bin/python3 -W ignore:setup.py install is deprecated setup.py egg_info --egg-base ../../build/pub build --build-base /home/robot/Xmate3/xmate_control/build/pub/build install --record /home/robot/Xmate3/xmate_control/build/pub/install.log --install-scripts $base/lib/pub --single-version-externally-managed install_data
[2.731s] Level 1:colcon.colcon_core.environment:checking '/home/robot/Xmate3/xmate_control/install/pub' for CMake module files
[2.731s] Level 1:colcon.colcon_core.environment:checking '/home/robot/Xmate3/xmate_control/install/pub' for CMake config files
[2.733s] Level 1:colcon.colcon_core.environment:checking '/home/robot/Xmate3/xmate_control/install/pub/lib'
[2.733s] Level 1:colcon.colcon_core.environment:checking '/home/robot/Xmate3/xmate_control/install/pub/bin'
[2.733s] Level 1:colcon.colcon_core.environment:checking '/home/robot/Xmate3/xmate_control/install/pub/lib/pkgconfig/pub.pc'
[2.734s] Level 1:colcon.colcon_core.environment:checking '/home/robot/Xmate3/xmate_control/install/pub/lib/python3.8/site-packages'
[2.734s] Level 1:colcon.colcon_core.shell:create_environment_hook('pub', 'pythonpath')
[2.734s] INFO:colcon.colcon_core.shell:Creating environment hook '/home/robot/Xmate3/xmate_control/install/pub/share/pub/hook/pythonpath.ps1'
[2.735s] INFO:colcon.colcon_core.shell:Creating environment descriptor '/home/robot/Xmate3/xmate_control/install/pub/share/pub/hook/pythonpath.dsv'
[2.735s] INFO:colcon.colcon_core.shell:Creating environment hook '/home/robot/Xmate3/xmate_control/install/pub/share/pub/hook/pythonpath.sh'
[2.736s] Level 1:colcon.colcon_core.environment:checking '/home/robot/Xmate3/xmate_control/install/pub/bin'
[2.736s] Level 1:colcon.colcon_core.environment:create_environment_scripts_only(pub)
[2.737s] INFO:colcon.colcon_core.shell:Creating package script '/home/robot/Xmate3/xmate_control/install/pub/share/pub/package.ps1'
[2.738s] INFO:colcon.colcon_core.shell:Creating package descriptor '/home/robot/Xmate3/xmate_control/install/pub/share/pub/package.dsv'
[2.739s] INFO:colcon.colcon_core.shell:Creating package script '/home/robot/Xmate3/xmate_control/install/pub/share/pub/package.sh'
[2.741s] INFO:colcon.colcon_core.shell:Creating package script '/home/robot/Xmate3/xmate_control/install/pub/share/pub/package.bash'
[2.742s] INFO:colcon.colcon_core.shell:Creating package script '/home/robot/Xmate3/xmate_control/install/pub/share/pub/package.zsh'
[2.743s] Level 1:colcon.colcon_core.environment:create_file_with_runtime_dependencies(/home/robot/Xmate3/xmate_control/install/pub/share/colcon-core/packages/pub)
[20.057s] DEBUG:colcon.colcon_core.event_handler.log_command:Invoked command in '/home/robot/Xmate3/xmate_control/build/sub' returned '0': CMAKE_PREFIX_PATH=/opt/ros/foxy /usr/bin/cmake --build /home/robot/Xmate3/xmate_control/build/sub -- -j12 -l12
[20.104s] DEBUG:colcon.colcon_core.event_handler.log_command:Invoking command in '/home/robot/Xmate3/xmate_control/build/sub': CMAKE_PREFIX_PATH=/opt/ros/foxy /usr/bin/cmake --install /home/robot/Xmate3/xmate_control/build/sub
[20.129s] Level 1:colcon.colcon_core.environment:create_environment_scripts_only(sub)
[20.129s] Level 1:colcon.colcon_core.environment:checking '/home/robot/Xmate3/xmate_control/install/sub' for CMake module files
[20.130s] DEBUG:colcon.colcon_core.event_handler.log_command:Invoked command in '/home/robot/Xmate3/xmate_control/build/sub' returned '0': CMAKE_PREFIX_PATH=/opt/ros/foxy /usr/bin/cmake --install /home/robot/Xmate3/xmate_control/build/sub
[20.130s] Level 1:colcon.colcon_core.environment:checking '/home/robot/Xmate3/xmate_control/install/sub' for CMake config files
[20.131s] Level 1:colcon.colcon_core.shell:create_environment_hook('sub', 'cmake_prefix_path')
[20.132s] INFO:colcon.colcon_core.shell:Creating environment hook '/home/robot/Xmate3/xmate_control/install/sub/share/sub/hook/cmake_prefix_path.ps1'
[20.132s] INFO:colcon.colcon_core.shell:Creating environment descriptor '/home/robot/Xmate3/xmate_control/install/sub/share/sub/hook/cmake_prefix_path.dsv'
[20.133s] INFO:colcon.colcon_core.shell:Creating environment hook '/home/robot/Xmate3/xmate_control/install/sub/share/sub/hook/cmake_prefix_path.sh'
[20.134s] Level 1:colcon.colcon_core.environment:checking '/home/robot/Xmate3/xmate_control/install/sub/lib'
[20.134s] Level 1:colcon.colcon_core.environment:checking '/home/robot/Xmate3/xmate_control/install/sub/bin'
[20.134s] Level 1:colcon.colcon_core.environment:checking '/home/robot/Xmate3/xmate_control/install/sub/lib/pkgconfig/sub.pc'
[20.135s] Level 1:colcon.colcon_core.environment:checking '/home/robot/Xmate3/xmate_control/install/sub/lib/python3.8/site-packages'
[20.135s] Level 1:colcon.colcon_core.environment:checking '/home/robot/Xmate3/xmate_control/install/sub/bin'
[20.135s] INFO:colcon.colcon_core.shell:Creating package script '/home/robot/Xmate3/xmate_control/install/sub/share/sub/package.ps1'
[20.136s] INFO:colcon.colcon_core.shell:Creating package descriptor '/home/robot/Xmate3/xmate_control/install/sub/share/sub/package.dsv'
[20.137s] INFO:colcon.colcon_core.shell:Creating package script '/home/robot/Xmate3/xmate_control/install/sub/share/sub/package.sh'
[20.137s] INFO:colcon.colcon_core.shell:Creating package script '/home/robot/Xmate3/xmate_control/install/sub/share/sub/package.bash'
[20.138s] INFO:colcon.colcon_core.shell:Creating package script '/home/robot/Xmate3/xmate_control/install/sub/share/sub/package.zsh'
[20.138s] Level 1:colcon.colcon_core.environment:create_file_with_runtime_dependencies(/home/robot/Xmate3/xmate_control/install/sub/share/colcon-core/packages/sub)
[20.171s] Level 1:colcon.colcon_core.environment:create_environment_scripts_only(sub)
[20.172s] Level 1:colcon.colcon_core.environment:checking '/home/robot/Xmate3/xmate_control/install/sub' for CMake module files
[20.173s] Level 1:colcon.colcon_core.environment:checking '/home/robot/Xmate3/xmate_control/install/sub' for CMake config files
[20.174s] Level 1:colcon.colcon_core.shell:create_environment_hook('sub', 'cmake_prefix_path')
[20.175s] INFO:colcon.colcon_core.shell:Creating environment hook '/home/robot/Xmate3/xmate_control/install/sub/share/sub/hook/cmake_prefix_path.ps1'
[20.176s] INFO:colcon.colcon_core.shell:Creating environment descriptor '/home/robot/Xmate3/xmate_control/install/sub/share/sub/hook/cmake_prefix_path.dsv'
[20.177s] INFO:colcon.colcon_core.shell:Creating environment hook '/home/robot/Xmate3/xmate_control/install/sub/share/sub/hook/cmake_prefix_path.sh'
[20.178s] Level 1:colcon.colcon_core.environment:checking '/home/robot/Xmate3/xmate_control/install/sub/lib'
[20.178s] Level 1:colcon.colcon_core.environment:checking '/home/robot/Xmate3/xmate_control/install/sub/bin'
[20.178s] Level 1:colcon.colcon_core.environment:checking '/home/robot/Xmate3/xmate_control/install/sub/lib/pkgconfig/sub.pc'
[20.179s] Level 1:colcon.colcon_core.environment:checking '/home/robot/Xmate3/xmate_control/install/sub/lib/python3.8/site-packages'
[20.179s] Level 1:colcon.colcon_core.environment:checking '/home/robot/Xmate3/xmate_control/install/sub/bin'
[20.180s] INFO:colcon.colcon_core.shell:Creating package script '/home/robot/Xmate3/xmate_control/install/sub/share/sub/package.ps1'
[20.180s] INFO:colcon.colcon_core.shell:Creating package descriptor '/home/robot/Xmate3/xmate_control/install/sub/share/sub/package.dsv'
[20.181s] INFO:colcon.colcon_core.shell:Creating package script '/home/robot/Xmate3/xmate_control/install/sub/share/sub/package.sh'
[20.181s] INFO:colcon.colcon_core.shell:Creating package script '/home/robot/Xmate3/xmate_control/install/sub/share/sub/package.bash'
[20.182s] INFO:colcon.colcon_core.shell:Creating package script '/home/robot/Xmate3/xmate_control/install/sub/share/sub/package.zsh'
[20.182s] Level 1:colcon.colcon_core.environment:create_file_with_runtime_dependencies(/home/robot/Xmate3/xmate_control/install/sub/share/colcon-core/packages/sub)
[20.182s] DEBUG:colcon.colcon_parallel_executor.executor.parallel:closing loop
[20.183s] DEBUG:colcon.colcon_parallel_executor.executor.parallel:loop closed
[20.183s] DEBUG:colcon.colcon_parallel_executor.executor.parallel:run_until_complete finished with '0'
[20.183s] DEBUG:colcon.colcon_core.event_reactor:joining thread
[20.192s] INFO:colcon.colcon_core.plugin_system:Skipping extension 'colcon_notification.desktop_notification.terminal_notifier': Not used on non-Darwin systems
[20.192s] INFO:colcon.colcon_core.plugin_system:Skipping extension 'colcon_notification.desktop_notification.win32': Not used on non-Windows systems
[20.192s] INFO:colcon.colcon_notification.desktop_notification:Sending desktop notification using 'notify2'
[20.216s] DEBUG:colcon.colcon_core.event_reactor:joined thread
[20.216s] INFO:colcon.colcon_core.shell:Creating prefix script '/home/robot/Xmate3/xmate_control/install/local_setup.ps1'
[20.218s] INFO:colcon.colcon_core.shell:Creating prefix util module '/home/robot/Xmate3/xmate_control/install/_local_setup_util_ps1.py'
[20.220s] INFO:colcon.colcon_core.shell:Creating prefix chain script '/home/robot/Xmate3/xmate_control/install/setup.ps1'
[20.221s] INFO:colcon.colcon_core.shell:Creating prefix script '/home/robot/Xmate3/xmate_control/install/local_setup.sh'
[20.222s] INFO:colcon.colcon_core.shell:Creating prefix util module '/home/robot/Xmate3/xmate_control/install/_local_setup_util_sh.py'
[20.223s] INFO:colcon.colcon_core.shell:Creating prefix chain script '/home/robot/Xmate3/xmate_control/install/setup.sh'
[20.224s] INFO:colcon.colcon_core.shell:Creating prefix script '/home/robot/Xmate3/xmate_control/install/local_setup.bash'
[20.225s] INFO:colcon.colcon_core.shell:Creating prefix chain script '/home/robot/Xmate3/xmate_control/install/setup.bash'
[20.227s] INFO:colcon.colcon_core.shell:Creating prefix script '/home/robot/Xmate3/xmate_control/install/local_setup.zsh'
[20.228s] INFO:colcon.colcon_core.shell:Creating prefix chain script '/home/robot/Xmate3/xmate_control/install/setup.zsh'
