[0.731s] Invoking command in '/home/robot/Xmate3/xmate_control/src/pub': PYTHONPATH=/home/robot/Xmate3/xmate_control/build/pub/prefix_override:/home/robot/Xmate3/xmate_control/install/pub/lib/python3.8/site-packages:${PYTHONPATH} /usr/bin/python3 -W ignore:setup.py install is deprecated setup.py egg_info --egg-base ../../build/pub build --build-base /home/robot/Xmate3/xmate_control/build/pub/build install --record /home/robot/Xmate3/xmate_control/build/pub/install.log --install-scripts $base/lib/pub --single-version-externally-managed install_data
[0.970s] running egg_info
[0.970s] writing ../../build/pub/pub.egg-info/PKG-INFO
[0.971s] writing dependency_links to ../../build/pub/pub.egg-info/dependency_links.txt
[0.971s] writing entry points to ../../build/pub/pub.egg-info/entry_points.txt
[0.971s] writing requirements to ../../build/pub/pub.egg-info/requires.txt
[0.971s] writing top-level names to ../../build/pub/pub.egg-info/top_level.txt
[1.010s] reading manifest file '../../build/pub/pub.egg-info/SOURCES.txt'
[1.011s] writing manifest file '../../build/pub/pub.egg-info/SOURCES.txt'
[1.011s] running build
[1.011s] running build_py
[1.011s] running install
[1.012s] running install_lib
[1.013s] running install_data
[1.013s] running install_egg_info
[1.015s] removing '/home/robot/Xmate3/xmate_control/install/pub/lib/python3.8/site-packages/pub-0.0.0-py3.8.egg-info' (and everything under it)
[1.015s] Copying ../../build/pub/pub.egg-info to /home/robot/Xmate3/xmate_control/install/pub/lib/python3.8/site-packages/pub-0.0.0-py3.8.egg-info
[1.016s] running install_scripts
[1.034s] Installing control_pub script to /home/robot/Xmate3/xmate_control/install/pub/lib/pub
[1.034s] writing list of installed files to '/home/robot/Xmate3/xmate_control/build/pub/install.log'
[1.053s] Invoked command in '/home/robot/Xmate3/xmate_control/src/pub' returned '0': PYTHONPATH=/home/robot/Xmate3/xmate_control/build/pub/prefix_override:/home/robot/Xmate3/xmate_control/install/pub/lib/python3.8/site-packages:${PYTHONPATH} /usr/bin/python3 -W ignore:setup.py install is deprecated setup.py egg_info --egg-base ../../build/pub build --build-base /home/robot/Xmate3/xmate_control/build/pub/build install --record /home/robot/Xmate3/xmate_control/build/pub/install.log --install-scripts $base/lib/pub --single-version-externally-managed install_data
