running egg_info
creating ../../build/pub/pub.egg-info
writing ../../build/pub/pub.egg-info/PKG-INFO
writing dependency_links to ../../build/pub/pub.egg-info/dependency_links.txt
writing entry points to ../../build/pub/pub.egg-info/entry_points.txt
writing requirements to ../../build/pub/pub.egg-info/requires.txt
writing top-level names to ../../build/pub/pub.egg-info/top_level.txt
writing manifest file '../../build/pub/pub.egg-info/SOURCES.txt'
reading manifest file '../../build/pub/pub.egg-info/SOURCES.txt'
writing manifest file '../../build/pub/pub.egg-info/SOURCES.txt'
running build
running build_py
creating /home/robot/Xmate3/xmate_control/build/pub/build
creating /home/robot/Xmate3/xmate_control/build/pub/build/lib
creating /home/robot/Xmate3/xmate_control/build/pub/build/lib/pub
copying pub/__init__.py -> /home/robot/Xmate3/xmate_control/build/pub/build/lib/pub
copying pub/control_pub.py -> /home/robot/Xmate3/xmate_control/build/pub/build/lib/pub
running install
running install_lib
creating /home/robot/Xmate3/xmate_control/install/pub/lib/python3.8/site-packages/pub
copying /home/robot/Xmate3/xmate_control/build/pub/build/lib/pub/__init__.py -> /home/robot/Xmate3/xmate_control/install/pub/lib/python3.8/site-packages/pub
copying /home/robot/Xmate3/xmate_control/build/pub/build/lib/pub/control_pub.py -> /home/robot/Xmate3/xmate_control/install/pub/lib/python3.8/site-packages/pub
byte-compiling /home/robot/Xmate3/xmate_control/install/pub/lib/python3.8/site-packages/pub/__init__.py to __init__.cpython-38.pyc
byte-compiling /home/robot/Xmate3/xmate_control/install/pub/lib/python3.8/site-packages/pub/control_pub.py to control_pub.cpython-38.pyc
running install_data
creating /home/robot/Xmate3/xmate_control/install/pub/share/ament_index
creating /home/robot/Xmate3/xmate_control/install/pub/share/ament_index/resource_index
creating /home/robot/Xmate3/xmate_control/install/pub/share/ament_index/resource_index/packages
copying resource/pub -> /home/robot/Xmate3/xmate_control/install/pub/share/ament_index/resource_index/packages
copying package.xml -> /home/robot/Xmate3/xmate_control/install/pub/share/pub
running install_egg_info
Copying ../../build/pub/pub.egg-info to /home/robot/Xmate3/xmate_control/install/pub/lib/python3.8/site-packages/pub-0.0.0-py3.8.egg-info
running install_scripts
Installing control_pub script to /home/robot/Xmate3/xmate_control/install/pub/lib/pub
writing list of installed files to '/home/robot/Xmate3/xmate_control/build/pub/install.log'
