[0.725s] Invoking command in '/home/robot/Xmate3/xmate_control/src/pub': PYTHONPATH=/home/robot/Xmate3/xmate_control/build/pub/prefix_override:/home/robot/Xmate3/xmate_control/install/pub/lib/python3.8/site-packages:${PYTHONPATH} /usr/bin/python3 -W ignore:setup.py install is deprecated setup.py egg_info --egg-base ../../build/pub build --build-base /home/robot/Xmate3/xmate_control/build/pub/build install --record /home/robot/Xmate3/xmate_control/build/pub/install.log --install-scripts $base/lib/pub --single-version-externally-managed install_data
[1.013s] running egg_info
[1.014s] creating ../../build/pub/pub.egg-info
[1.014s] writing ../../build/pub/pub.egg-info/PKG-INFO
[1.014s] writing dependency_links to ../../build/pub/pub.egg-info/dependency_links.txt
[1.014s] writing entry points to ../../build/pub/pub.egg-info/entry_points.txt
[1.015s] writing requirements to ../../build/pub/pub.egg-info/requires.txt
[1.015s] writing top-level names to ../../build/pub/pub.egg-info/top_level.txt
[1.017s] writing manifest file '../../build/pub/pub.egg-info/SOURCES.txt'
[1.078s] reading manifest file '../../build/pub/pub.egg-info/SOURCES.txt'
[1.079s] writing manifest file '../../build/pub/pub.egg-info/SOURCES.txt'
[1.079s] running build
[1.079s] running build_py
[1.080s] creating /home/robot/Xmate3/xmate_control/build/pub/build
[1.080s] creating /home/robot/Xmate3/xmate_control/build/pub/build/lib
[1.080s] creating /home/robot/Xmate3/xmate_control/build/pub/build/lib/pub
[1.080s] copying pub/__init__.py -> /home/robot/Xmate3/xmate_control/build/pub/build/lib/pub
[1.080s] copying pub/control_pub.py -> /home/robot/Xmate3/xmate_control/build/pub/build/lib/pub
[1.080s] running install
[1.080s] running install_lib
[1.081s] creating /home/robot/Xmate3/xmate_control/install/pub/lib/python3.8/site-packages/pub
[1.081s] copying /home/robot/Xmate3/xmate_control/build/pub/build/lib/pub/__init__.py -> /home/robot/Xmate3/xmate_control/install/pub/lib/python3.8/site-packages/pub
[1.081s] copying /home/robot/Xmate3/xmate_control/build/pub/build/lib/pub/control_pub.py -> /home/robot/Xmate3/xmate_control/install/pub/lib/python3.8/site-packages/pub
[1.082s] byte-compiling /home/robot/Xmate3/xmate_control/install/pub/lib/python3.8/site-packages/pub/__init__.py to __init__.cpython-38.pyc
[1.083s] byte-compiling /home/robot/Xmate3/xmate_control/install/pub/lib/python3.8/site-packages/pub/control_pub.py to control_pub.cpython-38.pyc
[1.084s] running install_data
[1.084s] creating /home/robot/Xmate3/xmate_control/install/pub/share/ament_index
[1.084s] creating /home/robot/Xmate3/xmate_control/install/pub/share/ament_index/resource_index
[1.084s] creating /home/robot/Xmate3/xmate_control/install/pub/share/ament_index/resource_index/packages
[1.084s] copying resource/pub -> /home/robot/Xmate3/xmate_control/install/pub/share/ament_index/resource_index/packages
[1.084s] copying package.xml -> /home/robot/Xmate3/xmate_control/install/pub/share/pub
[1.085s] running install_egg_info
[1.086s] Copying ../../build/pub/pub.egg-info to /home/robot/Xmate3/xmate_control/install/pub/lib/python3.8/site-packages/pub-0.0.0-py3.8.egg-info
[1.088s] running install_scripts
[1.110s] Installing control_pub script to /home/robot/Xmate3/xmate_control/install/pub/lib/pub
[1.110s] writing list of installed files to '/home/robot/Xmate3/xmate_control/build/pub/install.log'
[1.130s] Invoked command in '/home/robot/Xmate3/xmate_control/src/pub' returned '0': PYTHONPATH=/home/robot/Xmate3/xmate_control/build/pub/prefix_override:/home/robot/Xmate3/xmate_control/install/pub/lib/python3.8/site-packages:${PYTHONPATH} /usr/bin/python3 -W ignore:setup.py install is deprecated setup.py egg_info --egg-base ../../build/pub build --build-base /home/robot/Xmate3/xmate_control/build/pub/build install --record /home/robot/Xmate3/xmate_control/build/pub/install.log --install-scripts $base/lib/pub --single-version-externally-managed install_data
