[0.826s] Invoking command in '/home/robot/Xmate3/xmate_control/src/pub': PYTHONPATH=/home/robot/Xmate3/xmate_control/build/pub/prefix_override:/home/robot/Xmate3/xmate_control/install/pub/lib/python3.8/site-packages:${PYTHONPATH} /usr/bin/python3 -W ignore:setup.py install is deprecated setup.py egg_info --egg-base ../../build/pub build --build-base /home/robot/Xmate3/xmate_control/build/pub/build install --record /home/robot/Xmate3/xmate_control/build/pub/install.log --install-scripts $base/lib/pub --single-version-externally-managed install_data
[1.068s] running egg_info
[1.069s] writing ../../build/pub/pub.egg-info/PKG-INFO
[1.069s] writing dependency_links to ../../build/pub/pub.egg-info/dependency_links.txt
[1.069s] writing entry points to ../../build/pub/pub.egg-info/entry_points.txt
[1.070s] writing requirements to ../../build/pub/pub.egg-info/requires.txt
[1.070s] writing top-level names to ../../build/pub/pub.egg-info/top_level.txt
[1.108s] reading manifest file '../../build/pub/pub.egg-info/SOURCES.txt'
[1.109s] writing manifest file '../../build/pub/pub.egg-info/SOURCES.txt'
[1.110s] running build
[1.110s] running build_py
[1.110s] running install
[1.111s] running install_lib
[1.112s] running install_data
[1.113s] running install_egg_info
[1.114s] removing '/home/robot/Xmate3/xmate_control/install/pub/lib/python3.8/site-packages/pub-0.0.0-py3.8.egg-info' (and everything under it)
[1.115s] Copying ../../build/pub/pub.egg-info to /home/robot/Xmate3/xmate_control/install/pub/lib/python3.8/site-packages/pub-0.0.0-py3.8.egg-info
[1.115s] running install_scripts
[1.134s] Installing control_pub script to /home/robot/Xmate3/xmate_control/install/pub/lib/pub
[1.135s] writing list of installed files to '/home/robot/Xmate3/xmate_control/build/pub/install.log'
[1.159s] Invoked command in '/home/robot/Xmate3/xmate_control/src/pub' returned '0': PYTHONPATH=/home/robot/Xmate3/xmate_control/build/pub/prefix_override:/home/robot/Xmate3/xmate_control/install/pub/lib/python3.8/site-packages:${PYTHONPATH} /usr/bin/python3 -W ignore:setup.py install is deprecated setup.py egg_info --egg-base ../../build/pub build --build-base /home/robot/Xmate3/xmate_control/build/pub/build install --record /home/robot/Xmate3/xmate_control/build/pub/install.log --install-scripts $base/lib/pub --single-version-externally-managed install_data
