running egg_info
writing ../../build/pub/pub.egg-info/PKG-INFO
writing dependency_links to ../../build/pub/pub.egg-info/dependency_links.txt
writing entry points to ../../build/pub/pub.egg-info/entry_points.txt
writing requirements to ../../build/pub/pub.egg-info/requires.txt
writing top-level names to ../../build/pub/pub.egg-info/top_level.txt
file utils.py (for module utils) not found
reading manifest file '../../build/pub/pub.egg-info/SOURCES.txt'
writing manifest file '../../build/pub/pub.egg-info/SOURCES.txt'
file utils.py (for module utils) not found
running build
running build_py
copying pub/control_pub.py -> /home/robot/Xmate3/xmate_control/build/pub/build/lib/pub
copying pub/utils.py -> /home/robot/Xmate3/xmate_control/build/pub/build/lib/pub
file utils.py (for module utils) not found
running install
running install_lib
copying /home/robot/Xmate3/xmate_control/build/pub/build/lib/pub/control_pub.py -> /home/robot/Xmate3/xmate_control/install/pub/lib/python3.8/site-packages/pub
copying /home/robot/Xmate3/xmate_control/build/pub/build/lib/pub/utils.py -> /home/robot/Xmate3/xmate_control/install/pub/lib/python3.8/site-packages/pub
byte-compiling /home/robot/Xmate3/xmate_control/install/pub/lib/python3.8/site-packages/pub/control_pub.py to control_pub.cpython-38.pyc
byte-compiling /home/robot/Xmate3/xmate_control/install/pub/lib/python3.8/site-packages/pub/utils.py to utils.cpython-38.pyc
running install_data
running install_egg_info
removing '/home/robot/Xmate3/xmate_control/install/pub/lib/python3.8/site-packages/pub-0.0.0-py3.8.egg-info' (and everything under it)
Copying ../../build/pub/pub.egg-info to /home/robot/Xmate3/xmate_control/install/pub/lib/python3.8/site-packages/pub-0.0.0-py3.8.egg-info
running install_scripts
Installing control_pub script to /home/robot/Xmate3/xmate_control/install/pub/lib/pub
file utils.py (for module utils) not found
writing list of installed files to '/home/robot/Xmate3/xmate_control/build/pub/install.log'
